<?xml version="1.0" encoding="UTF-8"?>
<robot generator="Robot 5.0.1 (Python 3.10.5 on win32)" generated="20220715 19:49:23.988" rpa="false" schemaversion="3">
<suite id="s1" name="For" source="C:\CursoUdemy\RobotFramework\For\for.robot">
<test id="s1-t1" name="Teste do novo formato do FOR" line="2">
<kw name="Novo formato do FOR de listas">
<for flavor="IN">
<var>${animal}</var>
<value>gato</value>
<value>cachorro</value>
<value>cavalo</value>
<iter>
<var name="${animal}">gato</var>
<kw name="Log" library="BuiltIn">
<arg>O animal desse laço é: ${animal}!</arg>
<doc>Logs the given message with the given level.</doc>
<msg timestamp="20220715 19:49:24.026" level="INFO">O animal desse laço é: gato!</msg>
<status status="PASS" starttime="20220715 19:49:24.026" endtime="20220715 19:49:24.027"/>
</kw>
<kw name="Log" library="BuiltIn">
<arg>Vamos para o próximo animal da lista...</arg>
<doc>Logs the given message with the given level.</doc>
<msg timestamp="20220715 19:49:24.027" level="INFO">Vamos para o próximo animal da lista...</msg>
<status status="PASS" starttime="20220715 19:49:24.027" endtime="20220715 19:49:24.027"/>
</kw>
<status status="PASS" starttime="20220715 19:49:24.026" endtime="20220715 19:49:24.027"/>
</iter>
<iter>
<var name="${animal}">cachorro</var>
<kw name="Log" library="BuiltIn">
<arg>O animal desse laço é: ${animal}!</arg>
<doc>Logs the given message with the given level.</doc>
<msg timestamp="20220715 19:49:24.027" level="INFO">O animal desse laço é: cachorro!</msg>
<status status="PASS" starttime="20220715 19:49:24.027" endtime="20220715 19:49:24.027"/>
</kw>
<kw name="Log" library="BuiltIn">
<arg>Vamos para o próximo animal da lista...</arg>
<doc>Logs the given message with the given level.</doc>
<msg timestamp="20220715 19:49:24.032" level="INFO">Vamos para o próximo animal da lista...</msg>
<status status="PASS" starttime="20220715 19:49:24.031" endtime="20220715 19:49:24.032"/>
</kw>
<status status="PASS" starttime="20220715 19:49:24.027" endtime="20220715 19:49:24.032"/>
</iter>
<iter>
<var name="${animal}">cavalo</var>
<kw name="Log" library="BuiltIn">
<arg>O animal desse laço é: ${animal}!</arg>
<doc>Logs the given message with the given level.</doc>
<msg timestamp="20220715 19:49:24.032" level="INFO">O animal desse laço é: cavalo!</msg>
<status status="PASS" starttime="20220715 19:49:24.032" endtime="20220715 19:49:24.032"/>
</kw>
<kw name="Log" library="BuiltIn">
<arg>Vamos para o próximo animal da lista...</arg>
<doc>Logs the given message with the given level.</doc>
<msg timestamp="20220715 19:49:24.032" level="INFO">Vamos para o próximo animal da lista...</msg>
<status status="PASS" starttime="20220715 19:49:24.032" endtime="20220715 19:49:24.032"/>
</kw>
<status status="PASS" starttime="20220715 19:49:24.032" endtime="20220715 19:49:24.032"/>
</iter>
<status status="PASS" starttime="20220715 19:49:24.026" endtime="20220715 19:49:24.032"/>
</for>
<status status="PASS" starttime="20220715 19:49:24.026" endtime="20220715 19:49:24.033"/>
</kw>
<status status="PASS" starttime="20220715 19:49:24.024" endtime="20220715 19:49:24.033"/>
</test>
<test id="s1-t2" name="Teste de FOR aninhado" line="6">
<kw name="Cria cadastro de produtos (FOR aninhado)">
<for flavor="IN">
<var>${produto}</var>
<value>baby look</value>
<value>camiseta</value>
<value>blusa</value>
<iter>
<var name="${produto}">baby look</var>
<kw name="Imprime tamanhos para o produto">
<arg>${produto}</arg>
<for flavor="IN">
<var>${tamanho}</var>
<value>P</value>
<value>M</value>
<value>G</value>
<iter>
<var name="${tamanho}">P</var>
<kw name="Log" library="BuiltIn">
<arg>Produto: ${produto} - Tam: ${tamanho}</arg>
<doc>Logs the given message with the given level.</doc>
<msg timestamp="20220715 19:49:24.035" level="INFO">Produto: baby look - Tam: P</msg>
<status status="PASS" starttime="20220715 19:49:24.035" endtime="20220715 19:49:24.035"/>
</kw>
<status status="PASS" starttime="20220715 19:49:24.035" endtime="20220715 19:49:24.035"/>
</iter>
<iter>
<var name="${tamanho}">M</var>
<kw name="Log" library="BuiltIn">
<arg>Produto: ${produto} - Tam: ${tamanho}</arg>
<doc>Logs the given message with the given level.</doc>
<msg timestamp="20220715 19:49:24.036" level="INFO">Produto: baby look - Tam: M</msg>
<status status="PASS" starttime="20220715 19:49:24.035" endtime="20220715 19:49:24.036"/>
</kw>
<status status="PASS" starttime="20220715 19:49:24.035" endtime="20220715 19:49:24.036"/>
</iter>
<iter>
<var name="${tamanho}">G</var>
<kw name="Log" library="BuiltIn">
<arg>Produto: ${produto} - Tam: ${tamanho}</arg>
<doc>Logs the given message with the given level.</doc>
<msg timestamp="20220715 19:49:24.036" level="INFO">Produto: baby look - Tam: G</msg>
<status status="PASS" starttime="20220715 19:49:24.036" endtime="20220715 19:49:24.036"/>
</kw>
<status status="PASS" starttime="20220715 19:49:24.036" endtime="20220715 19:49:24.036"/>
</iter>
<status status="PASS" starttime="20220715 19:49:24.035" endtime="20220715 19:49:24.036"/>
</for>
<status status="PASS" starttime="20220715 19:49:24.034" endtime="20220715 19:49:24.036"/>
</kw>
<status status="PASS" starttime="20220715 19:49:24.034" endtime="20220715 19:49:24.036"/>
</iter>
<iter>
<var name="${produto}">camiseta</var>
<kw name="Imprime tamanhos para o produto">
<arg>${produto}</arg>
<for flavor="IN">
<var>${tamanho}</var>
<value>P</value>
<value>M</value>
<value>G</value>
<iter>
<var name="${tamanho}">P</var>
<kw name="Log" library="BuiltIn">
<arg>Produto: ${produto} - Tam: ${tamanho}</arg>
<doc>Logs the given message with the given level.</doc>
<msg timestamp="20220715 19:49:24.037" level="INFO">Produto: camiseta - Tam: P</msg>
<status status="PASS" starttime="20220715 19:49:24.037" endtime="20220715 19:49:24.037"/>
</kw>
<status status="PASS" starttime="20220715 19:49:24.037" endtime="20220715 19:49:24.037"/>
</iter>
<iter>
<var name="${tamanho}">M</var>
<kw name="Log" library="BuiltIn">
<arg>Produto: ${produto} - Tam: ${tamanho}</arg>
<doc>Logs the given message with the given level.</doc>
<msg timestamp="20220715 19:49:24.037" level="INFO">Produto: camiseta - Tam: M</msg>
<status status="PASS" starttime="20220715 19:49:24.037" endtime="20220715 19:49:24.037"/>
</kw>
<status status="PASS" starttime="20220715 19:49:24.037" endtime="20220715 19:49:24.037"/>
</iter>
<iter>
<var name="${tamanho}">G</var>
<kw name="Log" library="BuiltIn">
<arg>Produto: ${produto} - Tam: ${tamanho}</arg>
<doc>Logs the given message with the given level.</doc>
<msg timestamp="20220715 19:49:24.038" level="INFO">Produto: camiseta - Tam: G</msg>
<status status="PASS" starttime="20220715 19:49:24.038" endtime="20220715 19:49:24.038"/>
</kw>
<status status="PASS" starttime="20220715 19:49:24.038" endtime="20220715 19:49:24.038"/>
</iter>
<status status="PASS" starttime="20220715 19:49:24.037" endtime="20220715 19:49:24.038"/>
</for>
<status status="PASS" starttime="20220715 19:49:24.036" endtime="20220715 19:49:24.038"/>
</kw>
<status status="PASS" starttime="20220715 19:49:24.036" endtime="20220715 19:49:24.038"/>
</iter>
<iter>
<var name="${produto}">blusa</var>
<kw name="Imprime tamanhos para o produto">
<arg>${produto}</arg>
<for flavor="IN">
<var>${tamanho}</var>
<value>P</value>
<value>M</value>
<value>G</value>
<iter>
<var name="${tamanho}">P</var>
<kw name="Log" library="BuiltIn">
<arg>Produto: ${produto} - Tam: ${tamanho}</arg>
<doc>Logs the given message with the given level.</doc>
<msg timestamp="20220715 19:49:24.039" level="INFO">Produto: blusa - Tam: P</msg>
<status status="PASS" starttime="20220715 19:49:24.039" endtime="20220715 19:49:24.039"/>
</kw>
<status status="PASS" starttime="20220715 19:49:24.038" endtime="20220715 19:49:24.039"/>
</iter>
<iter>
<var name="${tamanho}">M</var>
<kw name="Log" library="BuiltIn">
<arg>Produto: ${produto} - Tam: ${tamanho}</arg>
<doc>Logs the given message with the given level.</doc>
<msg timestamp="20220715 19:49:24.039" level="INFO">Produto: blusa - Tam: M</msg>
<status status="PASS" starttime="20220715 19:49:24.039" endtime="20220715 19:49:24.039"/>
</kw>
<status status="PASS" starttime="20220715 19:49:24.039" endtime="20220715 19:49:24.039"/>
</iter>
<iter>
<var name="${tamanho}">G</var>
<kw name="Log" library="BuiltIn">
<arg>Produto: ${produto} - Tam: ${tamanho}</arg>
<doc>Logs the given message with the given level.</doc>
<msg timestamp="20220715 19:49:24.040" level="INFO">Produto: blusa - Tam: G</msg>
<status status="PASS" starttime="20220715 19:49:24.039" endtime="20220715 19:49:24.040"/>
</kw>
<status status="PASS" starttime="20220715 19:49:24.039" endtime="20220715 19:49:24.040"/>
</iter>
<status status="PASS" starttime="20220715 19:49:24.038" endtime="20220715 19:49:24.040"/>
</for>
<status status="PASS" starttime="20220715 19:49:24.038" endtime="20220715 19:49:24.040"/>
</kw>
<status status="PASS" starttime="20220715 19:49:24.038" endtime="20220715 19:49:24.040"/>
</iter>
<status status="PASS" starttime="20220715 19:49:24.034" endtime="20220715 19:49:24.040"/>
</for>
<status status="PASS" starttime="20220715 19:49:24.034" endtime="20220715 19:49:24.040"/>
</kw>
<status status="PASS" starttime="20220715 19:49:24.034" endtime="20220715 19:49:24.051"/>
</test>
<test id="s1-t3" name="Teste FOR usando várias váriaveis" line="9">
<kw name="Cria dicionário de traduções">
<for flavor="IN">
<var>${index}</var>
<var>${english}</var>
<var>${finnish}</var>
<var>${portugues}</var>
<value>1</value>
<value>cat</value>
<value>kissa</value>
<value>gato</value>
<value>2</value>
<value>dog</value>
<value>koira</value>
<value>cachorro</value>
<value>3</value>
<value>horse</value>
<value>hevonen</value>
<value>cavalo</value>
<iter>
<var name="${index}">1</var>
<var name="${english}">cat</var>
<var name="${finnish}">kissa</var>
<var name="${portugues}">gato</var>
<kw name="Log" library="BuiltIn">
<arg>Animal ${index}:\nEm inglês: ${english}\nEm finlandês: ${finnish}\nEm português: ${portugues}</arg>
<doc>Logs the given message with the given level.</doc>
<msg timestamp="20220715 19:49:24.053" level="INFO">Animal 1:
Em inglês: cat
Em finlandês: kissa
Em português: gato</msg>
<status status="PASS" starttime="20220715 19:49:24.053" endtime="20220715 19:49:24.053"/>
</kw>
<status status="PASS" starttime="20220715 19:49:24.053" endtime="20220715 19:49:24.053"/>
</iter>
<iter>
<var name="${index}">2</var>
<var name="${english}">dog</var>
<var name="${finnish}">koira</var>
<var name="${portugues}">cachorro</var>
<kw name="Log" library="BuiltIn">
<arg>Animal ${index}:\nEm inglês: ${english}\nEm finlandês: ${finnish}\nEm português: ${portugues}</arg>
<doc>Logs the given message with the given level.</doc>
<msg timestamp="20220715 19:49:24.054" level="INFO">Animal 2:
Em inglês: dog
Em finlandês: koira
Em português: cachorro</msg>
<status status="PASS" starttime="20220715 19:49:24.054" endtime="20220715 19:49:24.054"/>
</kw>
<status status="PASS" starttime="20220715 19:49:24.053" endtime="20220715 19:49:24.054"/>
</iter>
<iter>
<var name="${index}">3</var>
<var name="${english}">horse</var>
<var name="${finnish}">hevonen</var>
<var name="${portugues}">cavalo</var>
<kw name="Log" library="BuiltIn">
<arg>Animal ${index}:\nEm inglês: ${english}\nEm finlandês: ${finnish}\nEm português: ${portugues}</arg>
<doc>Logs the given message with the given level.</doc>
<msg timestamp="20220715 19:49:24.054" level="INFO">Animal 3:
Em inglês: horse
Em finlandês: hevonen
Em português: cavalo</msg>
<status status="PASS" starttime="20220715 19:49:24.054" endtime="20220715 19:49:24.054"/>
</kw>
<status status="PASS" starttime="20220715 19:49:24.054" endtime="20220715 19:49:24.054"/>
</iter>
<status status="PASS" starttime="20220715 19:49:24.053" endtime="20220715 19:49:24.055"/>
</for>
<status status="PASS" starttime="20220715 19:49:24.052" endtime="20220715 19:49:24.055"/>
</kw>
<status status="PASS" starttime="20220715 19:49:24.052" endtime="20220715 19:49:24.056"/>
</test>
<test id="s1-t4" name="Teste FOR com numeração da lista" line="12">
<kw name="For com numeração">
<for flavor="IN ENUMERATE">
<var>${index}</var>
<var>${item}</var>
<value>P</value>
<value>M</value>
<value>G</value>
<value>GG</value>
<value>XG</value>
<value>XXG</value>
<iter>
<var name="${index}">0</var>
<var name="${item}">P</var>
<kw name="Log" library="BuiltIn">
<arg>Item da lista: ${item} - Posição do item na lista: ${index}</arg>
<doc>Logs the given message with the given level.</doc>
<msg timestamp="20220715 19:49:24.058" level="INFO">Item da lista: P - Posição do item na lista: 0</msg>
<status status="PASS" starttime="20220715 19:49:24.058" endtime="20220715 19:49:24.058"/>
</kw>
<status status="PASS" starttime="20220715 19:49:24.058" endtime="20220715 19:49:24.058"/>
</iter>
<iter>
<var name="${index}">1</var>
<var name="${item}">M</var>
<kw name="Log" library="BuiltIn">
<arg>Item da lista: ${item} - Posição do item na lista: ${index}</arg>
<doc>Logs the given message with the given level.</doc>
<msg timestamp="20220715 19:49:24.059" level="INFO">Item da lista: M - Posição do item na lista: 1</msg>
<status status="PASS" starttime="20220715 19:49:24.058" endtime="20220715 19:49:24.059"/>
</kw>
<status status="PASS" starttime="20220715 19:49:24.058" endtime="20220715 19:49:24.059"/>
</iter>
<iter>
<var name="${index}">2</var>
<var name="${item}">G</var>
<kw name="Log" library="BuiltIn">
<arg>Item da lista: ${item} - Posição do item na lista: ${index}</arg>
<doc>Logs the given message with the given level.</doc>
<msg timestamp="20220715 19:49:24.059" level="INFO">Item da lista: G - Posição do item na lista: 2</msg>
<status status="PASS" starttime="20220715 19:49:24.059" endtime="20220715 19:49:24.059"/>
</kw>
<status status="PASS" starttime="20220715 19:49:24.059" endtime="20220715 19:49:24.059"/>
</iter>
<iter>
<var name="${index}">3</var>
<var name="${item}">GG</var>
<kw name="Log" library="BuiltIn">
<arg>Item da lista: ${item} - Posição do item na lista: ${index}</arg>
<doc>Logs the given message with the given level.</doc>
<msg timestamp="20220715 19:49:24.060" level="INFO">Item da lista: GG - Posição do item na lista: 3</msg>
<status status="PASS" starttime="20220715 19:49:24.059" endtime="20220715 19:49:24.067"/>
</kw>
<status status="PASS" starttime="20220715 19:49:24.059" endtime="20220715 19:49:24.067"/>
</iter>
<iter>
<var name="${index}">4</var>
<var name="${item}">XG</var>
<kw name="Log" library="BuiltIn">
<arg>Item da lista: ${item} - Posição do item na lista: ${index}</arg>
<doc>Logs the given message with the given level.</doc>
<msg timestamp="20220715 19:49:24.068" level="INFO">Item da lista: XG - Posição do item na lista: 4</msg>
<status status="PASS" starttime="20220715 19:49:24.067" endtime="20220715 19:49:24.068"/>
</kw>
<status status="PASS" starttime="20220715 19:49:24.067" endtime="20220715 19:49:24.068"/>
</iter>
<iter>
<var name="${index}">5</var>
<var name="${item}">XXG</var>
<kw name="Log" library="BuiltIn">
<arg>Item da lista: ${item} - Posição do item na lista: ${index}</arg>
<doc>Logs the given message with the given level.</doc>
<msg timestamp="20220715 19:49:24.069" level="INFO">Item da lista: XXG - Posição do item na lista: 5</msg>
<status status="PASS" starttime="20220715 19:49:24.068" endtime="20220715 19:49:24.069"/>
</kw>
<status status="PASS" starttime="20220715 19:49:24.068" endtime="20220715 19:49:24.069"/>
</iter>
<status status="PASS" starttime="20220715 19:49:24.058" endtime="20220715 19:49:24.069"/>
</for>
<status status="PASS" starttime="20220715 19:49:24.057" endtime="20220715 19:49:24.069"/>
</kw>
<status status="PASS" starttime="20220715 19:49:24.056" endtime="20220715 19:49:24.070"/>
</test>
<test id="s1-t5" name="Teste mais opções IN RANGE" line="15">
<kw name="Tradicional">
<doc>Percorre de 1 até 10</doc>
<for flavor="IN RANGE">
<var>${index}</var>
<value>1</value>
<value>11</value>
<iter>
<var name="${index}">1</var>
<kw name="Log" library="BuiltIn">
<arg>${index}</arg>
<doc>Logs the given message with the given level.</doc>
<msg timestamp="20220715 19:49:24.072" level="INFO">1</msg>
<status status="PASS" starttime="20220715 19:49:24.071" endtime="20220715 19:49:24.072"/>
</kw>
<status status="PASS" starttime="20220715 19:49:24.071" endtime="20220715 19:49:24.072"/>
</iter>
<iter>
<var name="${index}">2</var>
<kw name="Log" library="BuiltIn">
<arg>${index}</arg>
<doc>Logs the given message with the given level.</doc>
<msg timestamp="20220715 19:49:24.072" level="INFO">2</msg>
<status status="PASS" starttime="20220715 19:49:24.072" endtime="20220715 19:49:24.072"/>
</kw>
<status status="PASS" starttime="20220715 19:49:24.072" endtime="20220715 19:49:24.072"/>
</iter>
<iter>
<var name="${index}">3</var>
<kw name="Log" library="BuiltIn">
<arg>${index}</arg>
<doc>Logs the given message with the given level.</doc>
<msg timestamp="20220715 19:49:24.072" level="INFO">3</msg>
<status status="PASS" starttime="20220715 19:49:24.072" endtime="20220715 19:49:24.073"/>
</kw>
<status status="PASS" starttime="20220715 19:49:24.072" endtime="20220715 19:49:24.073"/>
</iter>
<iter>
<var name="${index}">4</var>
<kw name="Log" library="BuiltIn">
<arg>${index}</arg>
<doc>Logs the given message with the given level.</doc>
<msg timestamp="20220715 19:49:24.074" level="INFO">4</msg>
<status status="PASS" starttime="20220715 19:49:24.074" endtime="20220715 19:49:24.074"/>
</kw>
<status status="PASS" starttime="20220715 19:49:24.073" endtime="20220715 19:49:24.074"/>
</iter>
<iter>
<var name="${index}">5</var>
<kw name="Log" library="BuiltIn">
<arg>${index}</arg>
<doc>Logs the given message with the given level.</doc>
<msg timestamp="20220715 19:49:24.074" level="INFO">5</msg>
<status status="PASS" starttime="20220715 19:49:24.074" endtime="20220715 19:49:24.074"/>
</kw>
<status status="PASS" starttime="20220715 19:49:24.074" endtime="20220715 19:49:24.074"/>
</iter>
<iter>
<var name="${index}">6</var>
<kw name="Log" library="BuiltIn">
<arg>${index}</arg>
<doc>Logs the given message with the given level.</doc>
<msg timestamp="20220715 19:49:24.074" level="INFO">6</msg>
<status status="PASS" starttime="20220715 19:49:24.074" endtime="20220715 19:49:24.075"/>
</kw>
<status status="PASS" starttime="20220715 19:49:24.074" endtime="20220715 19:49:24.075"/>
</iter>
<iter>
<var name="${index}">7</var>
<kw name="Log" library="BuiltIn">
<arg>${index}</arg>
<doc>Logs the given message with the given level.</doc>
<msg timestamp="20220715 19:49:24.075" level="INFO">7</msg>
<status status="PASS" starttime="20220715 19:49:24.075" endtime="20220715 19:49:24.075"/>
</kw>
<status status="PASS" starttime="20220715 19:49:24.075" endtime="20220715 19:49:24.075"/>
</iter>
<iter>
<var name="${index}">8</var>
<kw name="Log" library="BuiltIn">
<arg>${index}</arg>
<doc>Logs the given message with the given level.</doc>
<msg timestamp="20220715 19:49:24.075" level="INFO">8</msg>
<status status="PASS" starttime="20220715 19:49:24.075" endtime="20220715 19:49:24.075"/>
</kw>
<status status="PASS" starttime="20220715 19:49:24.075" endtime="20220715 19:49:24.075"/>
</iter>
<iter>
<var name="${index}">9</var>
<kw name="Log" library="BuiltIn">
<arg>${index}</arg>
<doc>Logs the given message with the given level.</doc>
<msg timestamp="20220715 19:49:24.076" level="INFO">9</msg>
<status status="PASS" starttime="20220715 19:49:24.075" endtime="20220715 19:49:24.076"/>
</kw>
<status status="PASS" starttime="20220715 19:49:24.075" endtime="20220715 19:49:24.076"/>
</iter>
<iter>
<var name="${index}">10</var>
<kw name="Log" library="BuiltIn">
<arg>${index}</arg>
<doc>Logs the given message with the given level.</doc>
<msg timestamp="20220715 19:49:24.076" level="INFO">10</msg>
<status status="PASS" starttime="20220715 19:49:24.076" endtime="20220715 19:49:24.076"/>
</kw>
<status status="PASS" starttime="20220715 19:49:24.076" endtime="20220715 19:49:24.076"/>
</iter>
<status status="PASS" starttime="20220715 19:49:24.071" endtime="20220715 19:49:24.076"/>
</for>
<status status="PASS" starttime="20220715 19:49:24.071" endtime="20220715 19:49:24.076"/>
</kw>
<kw name="Apenas quantidade de laços informada (limite superior)">
<doc>Percorre de 0 até 9</doc>
<for flavor="IN RANGE">
<var>${index}</var>
<value>10</value>
<iter>
<var name="${index}">0</var>
<kw name="Log" library="BuiltIn">
<arg>${index}</arg>
<doc>Logs the given message with the given level.</doc>
<msg timestamp="20220715 19:49:24.086" level="INFO">0</msg>
<status status="PASS" starttime="20220715 19:49:24.086" endtime="20220715 19:49:24.086"/>
</kw>
<status status="PASS" starttime="20220715 19:49:24.086" endtime="20220715 19:49:24.086"/>
</iter>
<iter>
<var name="${index}">1</var>
<kw name="Log" library="BuiltIn">
<arg>${index}</arg>
<doc>Logs the given message with the given level.</doc>
<msg timestamp="20220715 19:49:24.086" level="INFO">1</msg>
<status status="PASS" starttime="20220715 19:49:24.086" endtime="20220715 19:49:24.087"/>
</kw>
<status status="PASS" starttime="20220715 19:49:24.086" endtime="20220715 19:49:24.087"/>
</iter>
<iter>
<var name="${index}">2</var>
<kw name="Log" library="BuiltIn">
<arg>${index}</arg>
<doc>Logs the given message with the given level.</doc>
<msg timestamp="20220715 19:49:24.087" level="INFO">2</msg>
<status status="PASS" starttime="20220715 19:49:24.087" endtime="20220715 19:49:24.087"/>
</kw>
<status status="PASS" starttime="20220715 19:49:24.087" endtime="20220715 19:49:24.087"/>
</iter>
<iter>
<var name="${index}">3</var>
<kw name="Log" library="BuiltIn">
<arg>${index}</arg>
<doc>Logs the given message with the given level.</doc>
<msg timestamp="20220715 19:49:24.087" level="INFO">3</msg>
<status status="PASS" starttime="20220715 19:49:24.087" endtime="20220715 19:49:24.087"/>
</kw>
<status status="PASS" starttime="20220715 19:49:24.087" endtime="20220715 19:49:24.087"/>
</iter>
<iter>
<var name="${index}">4</var>
<kw name="Log" library="BuiltIn">
<arg>${index}</arg>
<doc>Logs the given message with the given level.</doc>
<msg timestamp="20220715 19:49:24.088" level="INFO">4</msg>
<status status="PASS" starttime="20220715 19:49:24.087" endtime="20220715 19:49:24.088"/>
</kw>
<status status="PASS" starttime="20220715 19:49:24.087" endtime="20220715 19:49:24.088"/>
</iter>
<iter>
<var name="${index}">5</var>
<kw name="Log" library="BuiltIn">
<arg>${index}</arg>
<doc>Logs the given message with the given level.</doc>
<msg timestamp="20220715 19:49:24.088" level="INFO">5</msg>
<status status="PASS" starttime="20220715 19:49:24.088" endtime="20220715 19:49:24.088"/>
</kw>
<status status="PASS" starttime="20220715 19:49:24.088" endtime="20220715 19:49:24.088"/>
</iter>
<iter>
<var name="${index}">6</var>
<kw name="Log" library="BuiltIn">
<arg>${index}</arg>
<doc>Logs the given message with the given level.</doc>
<msg timestamp="20220715 19:49:24.088" level="INFO">6</msg>
<status status="PASS" starttime="20220715 19:49:24.088" endtime="20220715 19:49:24.088"/>
</kw>
<status status="PASS" starttime="20220715 19:49:24.088" endtime="20220715 19:49:24.088"/>
</iter>
<iter>
<var name="${index}">7</var>
<kw name="Log" library="BuiltIn">
<arg>${index}</arg>
<doc>Logs the given message with the given level.</doc>
<msg timestamp="20220715 19:49:24.089" level="INFO">7</msg>
<status status="PASS" starttime="20220715 19:49:24.089" endtime="20220715 19:49:24.089"/>
</kw>
<status status="PASS" starttime="20220715 19:49:24.088" endtime="20220715 19:49:24.089"/>
</iter>
<iter>
<var name="${index}">8</var>
<kw name="Log" library="BuiltIn">
<arg>${index}</arg>
<doc>Logs the given message with the given level.</doc>
<msg timestamp="20220715 19:49:24.090" level="INFO">8</msg>
<status status="PASS" starttime="20220715 19:49:24.089" endtime="20220715 19:49:24.090"/>
</kw>
<status status="PASS" starttime="20220715 19:49:24.089" endtime="20220715 19:49:24.090"/>
</iter>
<iter>
<var name="${index}">9</var>
<kw name="Log" library="BuiltIn">
<arg>${index}</arg>
<doc>Logs the given message with the given level.</doc>
<msg timestamp="20220715 19:49:24.090" level="INFO">9</msg>
<status status="PASS" starttime="20220715 19:49:24.090" endtime="20220715 19:49:24.090"/>
</kw>
<status status="PASS" starttime="20220715 19:49:24.090" endtime="20220715 19:49:24.090"/>
</iter>
<status status="PASS" starttime="20220715 19:49:24.085" endtime="20220715 19:49:24.090"/>
</for>
<status status="PASS" starttime="20220715 19:49:24.077" endtime="20220715 19:49:24.090"/>
</kw>
<kw name="Aritmético">
<doc>Percorre de 0 até 5</doc>
<kw name="Set Variable" library="BuiltIn">
<var>${var}</var>
<arg>${5}</arg>
<doc>Returns the given values which can then be assigned to a variables.</doc>
<msg timestamp="20220715 19:49:24.092" level="INFO">${var} = 5</msg>
<status status="PASS" starttime="20220715 19:49:24.092" endtime="20220715 19:49:24.092"/>
</kw>
<for flavor="IN RANGE">
<var>${index}</var>
<value>${var} + 1</value>
<iter>
<var name="${index}">0</var>
<kw name="Log" library="BuiltIn">
<arg>${index}</arg>
<doc>Logs the given message with the given level.</doc>
<msg timestamp="20220715 19:49:24.093" level="INFO">0</msg>
<status status="PASS" starttime="20220715 19:49:24.093" endtime="20220715 19:49:24.093"/>
</kw>
<status status="PASS" starttime="20220715 19:49:24.093" endtime="20220715 19:49:24.093"/>
</iter>
<iter>
<var name="${index}">1</var>
<kw name="Log" library="BuiltIn">
<arg>${index}</arg>
<doc>Logs the given message with the given level.</doc>
<msg timestamp="20220715 19:49:24.093" level="INFO">1</msg>
<status status="PASS" starttime="20220715 19:49:24.093" endtime="20220715 19:49:24.093"/>
</kw>
<status status="PASS" starttime="20220715 19:49:24.093" endtime="20220715 19:49:24.099"/>
</iter>
<iter>
<var name="${index}">2</var>
<kw name="Log" library="BuiltIn">
<arg>${index}</arg>
<doc>Logs the given message with the given level.</doc>
<msg timestamp="20220715 19:49:24.100" level="INFO">2</msg>
<status status="PASS" starttime="20220715 19:49:24.099" endtime="20220715 19:49:24.100"/>
</kw>
<status status="PASS" starttime="20220715 19:49:24.099" endtime="20220715 19:49:24.100"/>
</iter>
<iter>
<var name="${index}">3</var>
<kw name="Log" library="BuiltIn">
<arg>${index}</arg>
<doc>Logs the given message with the given level.</doc>
<msg timestamp="20220715 19:49:24.100" level="INFO">3</msg>
<status status="PASS" starttime="20220715 19:49:24.100" endtime="20220715 19:49:24.101"/>
</kw>
<status status="PASS" starttime="20220715 19:49:24.100" endtime="20220715 19:49:24.101"/>
</iter>
<iter>
<var name="${index}">4</var>
<kw name="Log" library="BuiltIn">
<arg>${index}</arg>
<doc>Logs the given message with the given level.</doc>
<msg timestamp="20220715 19:49:24.101" level="INFO">4</msg>
<status status="PASS" starttime="20220715 19:49:24.101" endtime="20220715 19:49:24.101"/>
</kw>
<status status="PASS" starttime="20220715 19:49:24.101" endtime="20220715 19:49:24.101"/>
</iter>
<iter>
<var name="${index}">5</var>
<kw name="Log" library="BuiltIn">
<arg>${index}</arg>
<doc>Logs the given message with the given level.</doc>
<msg timestamp="20220715 19:49:24.102" level="INFO">5</msg>
<status status="PASS" starttime="20220715 19:49:24.101" endtime="20220715 19:49:24.102"/>
</kw>
<status status="PASS" starttime="20220715 19:49:24.101" endtime="20220715 19:49:24.102"/>
</iter>
<status status="PASS" starttime="20220715 19:49:24.092" endtime="20220715 19:49:24.102"/>
</for>
<status status="PASS" starttime="20220715 19:49:24.092" endtime="20220715 19:49:24.102"/>
</kw>
<kw name="Intervalos específicos">
<doc>Percorre de 0 até 30, pulando de 5 em 5</doc>
<for flavor="IN RANGE">
<var>${index}</var>
<value>0</value>
<value>31</value>
<value>5</value>
<iter>
<var name="${index}">0</var>
<kw name="Log" library="BuiltIn">
<arg>${index}</arg>
<doc>Logs the given message with the given level.</doc>
<msg timestamp="20220715 19:49:24.104" level="INFO">0</msg>
<status status="PASS" starttime="20220715 19:49:24.103" endtime="20220715 19:49:24.104"/>
</kw>
<status status="PASS" starttime="20220715 19:49:24.103" endtime="20220715 19:49:24.104"/>
</iter>
<iter>
<var name="${index}">5</var>
<kw name="Log" library="BuiltIn">
<arg>${index}</arg>
<doc>Logs the given message with the given level.</doc>
<msg timestamp="20220715 19:49:24.104" level="INFO">5</msg>
<status status="PASS" starttime="20220715 19:49:24.104" endtime="20220715 19:49:24.104"/>
</kw>
<status status="PASS" starttime="20220715 19:49:24.104" endtime="20220715 19:49:24.104"/>
</iter>
<iter>
<var name="${index}">10</var>
<kw name="Log" library="BuiltIn">
<arg>${index}</arg>
<doc>Logs the given message with the given level.</doc>
<msg timestamp="20220715 19:49:24.105" level="INFO">10</msg>
<status status="PASS" starttime="20220715 19:49:24.105" endtime="20220715 19:49:24.105"/>
</kw>
<status status="PASS" starttime="20220715 19:49:24.104" endtime="20220715 19:49:24.105"/>
</iter>
<iter>
<var name="${index}">15</var>
<kw name="Log" library="BuiltIn">
<arg>${index}</arg>
<doc>Logs the given message with the given level.</doc>
<msg timestamp="20220715 19:49:24.105" level="INFO">15</msg>
<status status="PASS" starttime="20220715 19:49:24.105" endtime="20220715 19:49:24.105"/>
</kw>
<status status="PASS" starttime="20220715 19:49:24.105" endtime="20220715 19:49:24.105"/>
</iter>
<iter>
<var name="${index}">20</var>
<kw name="Log" library="BuiltIn">
<arg>${index}</arg>
<doc>Logs the given message with the given level.</doc>
<msg timestamp="20220715 19:49:24.105" level="INFO">20</msg>
<status status="PASS" starttime="20220715 19:49:24.105" endtime="20220715 19:49:24.105"/>
</kw>
<status status="PASS" starttime="20220715 19:49:24.105" endtime="20220715 19:49:24.105"/>
</iter>
<iter>
<var name="${index}">25</var>
<kw name="Log" library="BuiltIn">
<arg>${index}</arg>
<doc>Logs the given message with the given level.</doc>
<msg timestamp="20220715 19:49:24.106" level="INFO">25</msg>
<status status="PASS" starttime="20220715 19:49:24.106" endtime="20220715 19:49:24.106"/>
</kw>
<status status="PASS" starttime="20220715 19:49:24.106" endtime="20220715 19:49:24.106"/>
</iter>
<iter>
<var name="${index}">30</var>
<kw name="Log" library="BuiltIn">
<arg>${index}</arg>
<doc>Logs the given message with the given level.</doc>
<msg timestamp="20220715 19:49:24.106" level="INFO">30</msg>
<status status="PASS" starttime="20220715 19:49:24.106" endtime="20220715 19:49:24.106"/>
</kw>
<status status="PASS" starttime="20220715 19:49:24.106" endtime="20220715 19:49:24.106"/>
</iter>
<status status="PASS" starttime="20220715 19:49:24.103" endtime="20220715 19:49:24.106"/>
</for>
<status status="PASS" starttime="20220715 19:49:24.103" endtime="20220715 19:49:24.106"/>
</kw>
<status status="PASS" starttime="20220715 19:49:24.070" endtime="20220715 19:49:24.107"/>
</test>
<status status="PASS" starttime="20220715 19:49:23.989" endtime="20220715 19:49:24.107"/>
</suite>
<statistics>
<total>
<stat pass="5" fail="0" skip="0">All Tests</stat>
</total>
<tag>
</tag>
<suite>
<stat pass="5" fail="0" skip="0" id="s1" name="For">For</stat>
</suite>
</statistics>
<errors>
</errors>
</robot>
