<?xml version="1.0" encoding="UTF-8"?>
<robot generator="Robot 5.0.1 (Python 3.10.5 on win32)" generated="20220716 17:26:08.313" rpa="false" schemaversion="3">
<suite id="s1" name="Conferindo Json" source="C:\CursoUdemy\RobotFramework\API_conferencia_json\conferindo_json.robot">
<test id="s1-t1" name="Exemplo: Conferindo JSON complexo" line="10">
<kw name="Confere objetos e sub-objetos do JSON">
<kw name="Pega JSON">
<var>${MEU_JSON_COMPLEXO}</var>
<kw name="Get File" library="OperatingSystem">
<var>${MEU_JSON_COMPLEXO}</var>
<arg>C:\\CursoUdemy\\RobotFramework\\API_conferencia_json/data/output/json_complexo.json</arg>
<doc>Returns the contents of a specified file.</doc>
<msg timestamp="20220716 17:26:08.523" level="INFO" html="true">Getting file '&lt;a href="file://C:\CursoUdemy\RobotFramework\API_conferencia_json\data\output\json_complexo.json"&gt;C:\CursoUdemy\RobotFramework\API_conferencia_json\data\output\json_complexo.json&lt;/a&gt;'.</msg>
<msg timestamp="20220716 17:26:08.523" level="INFO">${MEU_JSON_COMPLEXO} = {
    "pessoa": {
        "nome": {
            "primeiro_nome": "mayara",
            "nomes_do_meio": "ribeiro",
            "ultimo_nome": "fernandes",
            "apelido": "May"
        },
     ...</msg>
<status status="PASS" starttime="20220716 17:26:08.523" endtime="20220716 17:26:08.523"/>
</kw>
<kw name="To Json" library="RequestsLibrary">
<var>${MEU_JSON_COMPLEXO}</var>
<arg>${MEU_JSON_COMPLEXO}</arg>
<doc>*DEPRECATED* Please use ${resp.json()} instead. Have a look at the improved HTML output as pretty printing replacement.</doc>
<msg timestamp="20220716 17:26:08.524" level="WARN">Keyword 'RequestsLibrary.To Json' is deprecated. Please use ${resp.json()} instead. Have a look at the improved HTML output as pretty printing replacement.</msg>
<msg timestamp="20220716 17:26:08.524" level="INFO">To JSON using : content={
    "pessoa": {
        "nome": {
            "primeiro_nome": "mayara",
            "nomes_do_meio": "ribeiro",
            "ultimo_nome": "fernandes",
            "apelido": "May"
        },
        "hobbies": {
            "livros": [
                {
                    "titulo": "O Símbolo Perdido",
                    "autor": "Dan Brown"
                },
                {
                    "titulo": "Sócios no Crime",
                    "autor": "Agatha Christie"
                },
                {
                    "titulo": "Fortaleza Digital",
                    "autor": "Dan Brown"
                }
            ],
            "games": {
                "PC": [
                    "World Of Warcraft",
                    "Last War",
                    "Aika"
                ],
                "Xbox": [
                    "Plants vs Zombies",
                    "Battle Field",
                    "Diablo III"
                ]
            }
        }
    }
}
 </msg>
<msg timestamp="20220716 17:26:08.524" level="INFO">To JSON using : pretty_print=False </msg>
<msg timestamp="20220716 17:26:08.525" level="INFO">${MEU_JSON_COMPLEXO} = {'pessoa': {'nome': {'primeiro_nome': 'mayara', 'nomes_do_meio': 'ribeiro', 'ultimo_nome': 'fernandes', 'apelido': 'May'}, 'hobbies': {'livros': [{'titulo': 'O Símbolo Perdido', 'autor': 'Dan Brown'},...</msg>
<status status="PASS" starttime="20220716 17:26:08.523" endtime="20220716 17:26:08.525"/>
</kw>
<msg timestamp="20220716 17:26:08.525" level="INFO">${MEU_JSON_COMPLEXO} = {'pessoa': {'nome': {'primeiro_nome': 'mayara', 'nomes_do_meio': 'ribeiro', 'ultimo_nome': 'fernandes', 'apelido': 'May'}, 'hobbies': {'livros': [{'titulo': 'O Símbolo Perdido', 'autor': 'Dan Brown'},...</msg>
<status status="PASS" starttime="20220716 17:26:08.523" endtime="20220716 17:26:08.525"/>
</kw>
<kw name="To Json" library="RequestsLibrary">
<var>${MEU_DICT_ESPERADO}</var>
<arg>${MEU_DICT_ESPERADO}</arg>
<doc>*DEPRECATED* Please use ${resp.json()} instead. Have a look at the improved HTML output as pretty printing replacement.</doc>
<msg timestamp="20220716 17:26:08.525" level="WARN">Keyword 'RequestsLibrary.To Json' is deprecated. Please use ${resp.json()} instead. Have a look at the improved HTML output as pretty printing replacement.</msg>
<msg timestamp="20220716 17:26:08.526" level="INFO">To JSON using : content={"primeiro_nome": "mayara", "nomes_do_meio": "ribeiro", "ultimo_nome": "fernandes", "apelido": "May"} </msg>
<msg timestamp="20220716 17:26:08.526" level="INFO">To JSON using : pretty_print=False </msg>
<msg timestamp="20220716 17:26:08.526" level="INFO">${MEU_DICT_ESPERADO} = {'primeiro_nome': 'mayara', 'nomes_do_meio': 'ribeiro', 'ultimo_nome': 'fernandes', 'apelido': 'May'}</msg>
<status status="PASS" starttime="20220716 17:26:08.525" endtime="20220716 17:26:08.526"/>
</kw>
<kw name="Dictionary Should Contain Sub Dictionary" library="Collections">
<arg>${MEU_JSON_COMPLEXO["pessoa"]["nome"]}</arg>
<arg>${MEU_DICT_ESPERADO}</arg>
<doc>Fails unless all items in ``dict2`` are found from ``dict1``.</doc>
<status status="PASS" starttime="20220716 17:26:08.526" endtime="20220716 17:26:08.526"/>
</kw>
<kw name="Dictionary Should Contain Item" library="Collections">
<arg>${MEU_JSON_COMPLEXO["pessoa"]["nome"]}</arg>
<arg>apelido</arg>
<arg>May</arg>
<doc>An item of ``key`` / ``value`` must be found in a ``dictionary``.</doc>
<status status="PASS" starttime="20220716 17:26:08.526" endtime="20220716 17:26:08.527"/>
</kw>
<kw name="Dictionary Should Contain Item" library="Collections">
<arg>${MEU_JSON_COMPLEXO["pessoa"]["hobbies"]["livros"][0]}</arg>
<arg>titulo</arg>
<arg>O Símbolo Perdido</arg>
<doc>An item of ``key`` / ``value`` must be found in a ``dictionary``.</doc>
<status status="PASS" starttime="20220716 17:26:08.527" endtime="20220716 17:26:08.528"/>
</kw>
<kw name="Dictionary Should Contain Item" library="Collections">
<arg>${MEU_JSON_COMPLEXO["pessoa"]["hobbies"]["livros"][1]}</arg>
<arg>titulo</arg>
<arg>Sócios no Crime</arg>
<doc>An item of ``key`` / ``value`` must be found in a ``dictionary``.</doc>
<status status="PASS" starttime="20220716 17:26:08.528" endtime="20220716 17:26:08.528"/>
</kw>
<kw name="Dictionary Should Contain Item" library="Collections">
<arg>${MEU_JSON_COMPLEXO["pessoa"]["hobbies"]["livros"][2]}</arg>
<arg>titulo</arg>
<arg>Fortaleza Digital</arg>
<doc>An item of ``key`` / ``value`` must be found in a ``dictionary``.</doc>
<status status="PASS" starttime="20220716 17:26:08.528" endtime="20220716 17:26:08.529"/>
</kw>
<status status="PASS" starttime="20220716 17:26:08.523" endtime="20220716 17:26:08.529"/>
</kw>
<kw name="Confere listas no JSON">
<kw name="Pega JSON">
<var>${MEU_JSON_COMPLEXO}</var>
<kw name="Get File" library="OperatingSystem">
<var>${MEU_JSON_COMPLEXO}</var>
<arg>C:\\CursoUdemy\\RobotFramework\\API_conferencia_json/data/output/json_complexo.json</arg>
<doc>Returns the contents of a specified file.</doc>
<msg timestamp="20220716 17:26:08.530" level="INFO" html="true">Getting file '&lt;a href="file://C:\CursoUdemy\RobotFramework\API_conferencia_json\data\output\json_complexo.json"&gt;C:\CursoUdemy\RobotFramework\API_conferencia_json\data\output\json_complexo.json&lt;/a&gt;'.</msg>
<msg timestamp="20220716 17:26:08.530" level="INFO">${MEU_JSON_COMPLEXO} = {
    "pessoa": {
        "nome": {
            "primeiro_nome": "mayara",
            "nomes_do_meio": "ribeiro",
            "ultimo_nome": "fernandes",
            "apelido": "May"
        },
     ...</msg>
<status status="PASS" starttime="20220716 17:26:08.530" endtime="20220716 17:26:08.530"/>
</kw>
<kw name="To Json" library="RequestsLibrary">
<var>${MEU_JSON_COMPLEXO}</var>
<arg>${MEU_JSON_COMPLEXO}</arg>
<doc>*DEPRECATED* Please use ${resp.json()} instead. Have a look at the improved HTML output as pretty printing replacement.</doc>
<msg timestamp="20220716 17:26:08.530" level="WARN">Keyword 'RequestsLibrary.To Json' is deprecated. Please use ${resp.json()} instead. Have a look at the improved HTML output as pretty printing replacement.</msg>
<msg timestamp="20220716 17:26:08.531" level="INFO">To JSON using : content={
    "pessoa": {
        "nome": {
            "primeiro_nome": "mayara",
            "nomes_do_meio": "ribeiro",
            "ultimo_nome": "fernandes",
            "apelido": "May"
        },
        "hobbies": {
            "livros": [
                {
                    "titulo": "O Símbolo Perdido",
                    "autor": "Dan Brown"
                },
                {
                    "titulo": "Sócios no Crime",
                    "autor": "Agatha Christie"
                },
                {
                    "titulo": "Fortaleza Digital",
                    "autor": "Dan Brown"
                }
            ],
            "games": {
                "PC": [
                    "World Of Warcraft",
                    "Last War",
                    "Aika"
                ],
                "Xbox": [
                    "Plants vs Zombies",
                    "Battle Field",
                    "Diablo III"
                ]
            }
        }
    }
}
 </msg>
<msg timestamp="20220716 17:26:08.531" level="INFO">To JSON using : pretty_print=False </msg>
<msg timestamp="20220716 17:26:08.531" level="INFO">${MEU_JSON_COMPLEXO} = {'pessoa': {'nome': {'primeiro_nome': 'mayara', 'nomes_do_meio': 'ribeiro', 'ultimo_nome': 'fernandes', 'apelido': 'May'}, 'hobbies': {'livros': [{'titulo': 'O Símbolo Perdido', 'autor': 'Dan Brown'},...</msg>
<status status="PASS" starttime="20220716 17:26:08.530" endtime="20220716 17:26:08.531"/>
</kw>
<msg timestamp="20220716 17:26:08.531" level="INFO">${MEU_JSON_COMPLEXO} = {'pessoa': {'nome': {'primeiro_nome': 'mayara', 'nomes_do_meio': 'ribeiro', 'ultimo_nome': 'fernandes', 'apelido': 'May'}, 'hobbies': {'livros': [{'titulo': 'O Símbolo Perdido', 'autor': 'Dan Brown'},...</msg>
<status status="PASS" starttime="20220716 17:26:08.529" endtime="20220716 17:26:08.531"/>
</kw>
<kw name="List Should Contain Value" library="Collections">
<arg>${MEU_JSON_COMPLEXO["pessoa"]["hobbies"]["games"]["PC"]}</arg>
<arg>Aika</arg>
<doc>Fails if the ``value`` is not found from ``list``.</doc>
<status status="PASS" starttime="20220716 17:26:08.531" endtime="20220716 17:26:08.532"/>
</kw>
<kw name="Get From List" library="Collections">
<var>${GAME}</var>
<arg>${MEU_JSON_COMPLEXO["pessoa"]["hobbies"]["games"]["Xbox"]}</arg>
<arg>2</arg>
<doc>Returns the value specified with an ``index`` from ``list``.</doc>
<msg timestamp="20220716 17:26:08.533" level="INFO">${GAME} = Diablo III</msg>
<status status="PASS" starttime="20220716 17:26:08.532" endtime="20220716 17:26:08.533"/>
</kw>
<kw name="Log" library="BuiltIn">
<arg>Game da posição 2 da lista: ${GAME}</arg>
<doc>Logs the given message with the given level.</doc>
<msg timestamp="20220716 17:26:08.533" level="INFO">Game da posição 2 da lista: Diablo III</msg>
<status status="PASS" starttime="20220716 17:26:08.533" endtime="20220716 17:26:08.533"/>
</kw>
<kw name="List Should Not Contain Duplicates" library="Collections">
<arg>${MEU_JSON_COMPLEXO["pessoa"]["hobbies"]["games"]["Xbox"]}</arg>
<doc>Fails if any element in the ``list`` is found from it more than once.</doc>
<status status="PASS" starttime="20220716 17:26:08.533" endtime="20220716 17:26:08.534"/>
</kw>
<kw name="Get From Dictionary" library="Collections">
<var>@{LISTA_DE_LIVROS}</var>
<arg>${MEU_JSON_COMPLEXO["pessoa"]["hobbies"]}</arg>
<arg>livros</arg>
<doc>Returns a value from the given ``dictionary`` based on the given ``key``.</doc>
<msg timestamp="20220716 17:26:08.534" level="INFO">@{LISTA_DE_LIVROS} = [ {'titulo': 'O Símbolo Perdido', 'autor': 'Dan Brown'} | {'titulo': 'Sócios no Crime', 'autor': 'Agatha Christie'} | {'titulo': 'Fortaleza Digital', 'autor': 'Dan Brown'} ]</msg>
<status status="PASS" starttime="20220716 17:26:08.534" endtime="20220716 17:26:08.535"/>
</kw>
<for flavor="IN">
<var>${LIVRO}</var>
<value>@{LISTA_DE_LIVROS}</value>
<iter>
<var name="${LIVRO}">{'titulo': 'O Símbolo Perdido', 'autor': 'Dan Brown'}</var>
<kw name="Log" library="BuiltIn">
<arg>Título: ${LIVRO["titulo"]}\nAutor: ${LIVRO["autor"]}</arg>
<doc>Logs the given message with the given level.</doc>
<msg timestamp="20220716 17:26:08.542" level="INFO">Título: O Símbolo Perdido
Autor: Dan Brown</msg>
<status status="PASS" starttime="20220716 17:26:08.538" endtime="20220716 17:26:08.543"/>
</kw>
<status status="PASS" starttime="20220716 17:26:08.538" endtime="20220716 17:26:08.543"/>
</iter>
<iter>
<var name="${LIVRO}">{'titulo': 'Sócios no Crime', 'autor': 'Agatha Christie'}</var>
<kw name="Log" library="BuiltIn">
<arg>Título: ${LIVRO["titulo"]}\nAutor: ${LIVRO["autor"]}</arg>
<doc>Logs the given message with the given level.</doc>
<msg timestamp="20220716 17:26:08.544" level="INFO">Título: Sócios no Crime
Autor: Agatha Christie</msg>
<status status="PASS" starttime="20220716 17:26:08.543" endtime="20220716 17:26:08.544"/>
</kw>
<status status="PASS" starttime="20220716 17:26:08.543" endtime="20220716 17:26:08.544"/>
</iter>
<iter>
<var name="${LIVRO}">{'titulo': 'Fortaleza Digital', 'autor': 'Dan Brown'}</var>
<kw name="Log" library="BuiltIn">
<arg>Título: ${LIVRO["titulo"]}\nAutor: ${LIVRO["autor"]}</arg>
<doc>Logs the given message with the given level.</doc>
<msg timestamp="20220716 17:26:08.545" level="INFO">Título: Fortaleza Digital
Autor: Dan Brown</msg>
<status status="PASS" starttime="20220716 17:26:08.544" endtime="20220716 17:26:08.545"/>
</kw>
<status status="PASS" starttime="20220716 17:26:08.544" endtime="20220716 17:26:08.545"/>
</iter>
<status status="PASS" starttime="20220716 17:26:08.535" endtime="20220716 17:26:08.545"/>
</for>
<status status="PASS" starttime="20220716 17:26:08.529" endtime="20220716 17:26:08.545"/>
</kw>
<status status="PASS" starttime="20220716 17:26:08.519" endtime="20220716 17:26:08.545"/>
</test>
<status status="PASS" starttime="20220716 17:26:08.315" endtime="20220716 17:26:08.546"/>
</suite>
<statistics>
<total>
<stat pass="1" fail="0" skip="0">All Tests</stat>
</total>
<tag>
</tag>
<suite>
<stat pass="1" fail="0" skip="0" id="s1" name="Conferindo Json">Conferindo Json</stat>
</suite>
</statistics>
<errors>
<msg timestamp="20220716 17:26:08.524" level="WARN">Keyword 'RequestsLibrary.To Json' is deprecated. Please use ${resp.json()} instead. Have a look at the improved HTML output as pretty printing replacement.</msg>
<msg timestamp="20220716 17:26:08.525" level="WARN">Keyword 'RequestsLibrary.To Json' is deprecated. Please use ${resp.json()} instead. Have a look at the improved HTML output as pretty printing replacement.</msg>
<msg timestamp="20220716 17:26:08.530" level="WARN">Keyword 'RequestsLibrary.To Json' is deprecated. Please use ${resp.json()} instead. Have a look at the improved HTML output as pretty printing replacement.</msg>
</errors>
</robot>
