<?xml version="1.0" encoding="UTF-8"?>
<robot generator="Robot 5.0.1 (Python 3.10.5 on win32)" generated="20220715 02:54:10.465" rpa="false" schemaversion="3">
<suite id="s1" name="Amazon Testes" source="C:\CursoUdemy\RobotFramework\WebTesting\amazon_testes.robot">
<test id="s1-t1" name="Caso de Teste 03 - Adicionar Produto no Carrinho" line="29">
<kw name="Abrir o navegador" library="amazon_resources" type="SETUP">
<kw name="Open Browser" library="SeleniumLibrary">
<arg>browser=${BROWSER}</arg>
<doc>Opens a new browser instance to the optional ``url``.</doc>
<msg timestamp="20220715 02:54:10.702" level="INFO">Opening browser 'chrome' to base url 'None'.</msg>
<status status="PASS" starttime="20220715 02:54:10.701" endtime="20220715 02:54:12.254"/>
</kw>
<kw name="Maximize Browser Window" library="SeleniumLibrary">
<doc>Maximizes current browser window.</doc>
<status status="PASS" starttime="20220715 02:54:12.254" endtime="20220715 02:54:12.376"/>
</kw>
<status status="PASS" starttime="20220715 02:54:10.701" endtime="20220715 02:54:12.376"/>
</kw>
<kw name="Acessar a home page do site Amazon.com.br" library="amazon_resources">
<kw name="Go To" library="SeleniumLibrary">
<arg>url=${URL}</arg>
<doc>Navigates the current browser window to the provided ``url``.</doc>
<msg timestamp="20220715 02:54:12.378" level="INFO">Opening url 'https://www.amazon.com.br'</msg>
<status status="PASS" starttime="20220715 02:54:12.377" endtime="20220715 02:54:21.999"/>
</kw>
<kw name="Wait Until Element Is Visible" library="SeleniumLibrary">
<arg>locator=${MENU_ELETRONICOS}</arg>
<doc>Waits until the element ``locator`` is visible.</doc>
<status status="PASS" starttime="20220715 02:54:21.999" endtime="20220715 02:54:22.033"/>
</kw>
<status status="PASS" starttime="20220715 02:54:12.377" endtime="20220715 02:54:22.033"/>
</kw>
<kw name="Digitar o nome de produto &quot;Xbox Series S&quot; no campo de pesquisa" library="amazon_resources" sourcename="Digitar o nome de produto &quot;${PRODUTO}&quot; no campo de pesquisa">
<kw name="Input Text" library="SeleniumLibrary">
<arg>locator=twotabsearchtextbox</arg>
<arg>text=${PRODUTO}</arg>
<doc>Types the given ``text`` into the text field identified by ``locator``.</doc>
<msg timestamp="20220715 02:54:22.034" level="INFO">Typing text 'Xbox Series S' into text field 'twotabsearchtextbox'.</msg>
<status status="PASS" starttime="20220715 02:54:22.034" endtime="20220715 02:54:22.294"/>
</kw>
<status status="PASS" starttime="20220715 02:54:22.034" endtime="20220715 02:54:22.294"/>
</kw>
<kw name="Clicar no botão de pesquisa" library="amazon_resources">
<kw name="Click Element" library="SeleniumLibrary">
<arg>locator=nav-search-submit-text</arg>
<doc>Click the element identified by ``locator``.</doc>
<msg timestamp="20220715 02:54:22.301" level="INFO">Clicking element 'nav-search-submit-text'.</msg>
<status status="PASS" starttime="20220715 02:54:22.300" endtime="20220715 02:54:28.364"/>
</kw>
<status status="PASS" starttime="20220715 02:54:22.300" endtime="20220715 02:54:28.364"/>
</kw>
<kw name="Verificar o resultado da pesquisa se está listando o produto &quot;Console Xbox Series S&quot;" library="amazon_resources" sourcename="Verificar o resultado da pesquisa se está listando o produto &quot;${PRODUTO}&quot;">
<kw name="Wait Until Element Is Visible" library="SeleniumLibrary">
<arg>locator=(//span[contains(.,'${PRODUTO}')])[2]</arg>
<doc>Waits until the element ``locator`` is visible.</doc>
<status status="PASS" starttime="20220715 02:54:28.365" endtime="20220715 02:54:28.393"/>
</kw>
<status status="PASS" starttime="20220715 02:54:28.365" endtime="20220715 02:54:28.393"/>
</kw>
<kw name="Adicionar o produto &quot;Console Xbox Series S&quot; no carrinho" library="amazon_resources" sourcename="Adicionar o produto &quot;${PRODUTO}&quot; no carrinho">
<kw name="Click Element" library="SeleniumLibrary">
<arg>locator=(//span[contains(.,'${PRODUTO}')])[2]</arg>
<doc>Click the element identified by ``locator``.</doc>
<msg timestamp="20220715 02:54:28.394" level="INFO">Clicking element '(//span[contains(.,'Console Xbox Series S')])[2]'.</msg>
<status status="PASS" starttime="20220715 02:54:28.394" endtime="20220715 02:54:36.220"/>
</kw>
<kw name="Click Element" library="SeleniumLibrary">
<arg>locator=add-to-cart-button</arg>
<doc>Click the element identified by ``locator``.</doc>
<msg timestamp="20220715 02:54:36.220" level="INFO">Clicking element 'add-to-cart-button'.</msg>
<msg timestamp="20220715 02:54:39.002" level="INFO" html="true">&lt;/td&gt;&lt;/tr&gt;&lt;tr&gt;&lt;td colspan="3"&gt;&lt;a href="selenium-screenshot-18.png"&gt;&lt;img src="selenium-screenshot-18.png" width="800px"&gt;&lt;/a&gt;</msg>
<msg timestamp="20220715 02:54:39.003" level="FAIL">WebDriverException: Message: unknown error: cannot determine loading status
from unknown error: unexpected command response
  (Session info: chrome=103.0.5060.114)
Stacktrace:
Backtrace:
	Ordinal0 [0x00546463+2188387]
	Ordinal0 [0x004DE461+1762401]
	Ordinal0 [0x003F3D78+802168]
	Ordinal0 [0x003E7210+750096]
	Ordinal0 [0x003E675A+747354]
	Ordinal0 [0x003E5D3F+744767]
	Ordinal0 [0x003E4C28+740392]
	Ordinal0 [0x003E5228+741928]
	Ordinal0 [0x003EF153+782675]
	Ordinal0 [0x003F9FBB+827323]
	Ordinal0 [0x003FD310+840464]
	Ordinal0 [0x003E54F6+742646]
	Ordinal0 [0x003F9BF3+826355]
	Ordinal0 [0x0044CF6D+1167213]
	Ordinal0 [0x0043C5F6+1099254]
	Ordinal0 [0x00416BE0+945120]
	Ordinal0 [0x00417AD6+948950]
	GetHandleVerifier [0x007E71F2+2712546]
	GetHandleVerifier [0x007D886D+2652765]
	GetHandleVerifier [0x005D002A+520730]
	GetHandleVerifier [0x005CEE06+516086]
	Ordinal0 [0x004E468B+1787531]
	Ordinal0 [0x004E8E88+1805960]
	Ordinal0 [0x004E8F75+1806197]
	Ordinal0 [0x004F1DF1+1842673]
	BaseThreadInitThunk [0x75CBFA29+25]
	RtlGetAppContainerNamedObjectPath [0x77587A9E+286]
	RtlGetAppContainerNamedObjectPath [0x77587A6E+238]
</msg>
<status status="FAIL" starttime="20220715 02:54:36.220" endtime="20220715 02:54:39.006"/>
</kw>
<status status="FAIL" starttime="20220715 02:54:28.394" endtime="20220715 02:54:39.007"/>
</kw>
<kw name="Verificar se o produto &quot;Console Xbox Series S&quot; foi adicionado com sucesso" library="amazon_resources" sourcename="Verificar se o produto &quot;${PRODUTO}&quot; foi adicionado com sucesso">
<status status="NOT RUN" starttime="20220715 02:54:39.008" endtime="20220715 02:54:39.008"/>
</kw>
<kw name="Fechar o navegador" library="amazon_resources" type="TEARDOWN">
<kw name="Capture Page Screenshot" library="SeleniumLibrary">
<doc>Takes a screenshot of the current page and embeds it into a log file.</doc>
<msg timestamp="20220715 02:54:39.290" level="INFO" html="true">&lt;/td&gt;&lt;/tr&gt;&lt;tr&gt;&lt;td colspan="3"&gt;&lt;a href="selenium-screenshot-19.png"&gt;&lt;img src="selenium-screenshot-19.png" width="800px"&gt;&lt;/a&gt;</msg>
<status status="PASS" starttime="20220715 02:54:39.009" endtime="20220715 02:54:39.290"/>
</kw>
<kw name="Close Browser" library="SeleniumLibrary">
<doc>Closes the current browser.</doc>
<status status="PASS" starttime="20220715 02:54:39.290" endtime="20220715 02:54:41.678"/>
</kw>
<status status="PASS" starttime="20220715 02:54:39.009" endtime="20220715 02:54:41.678"/>
</kw>
<doc>Esse teste verifica a adição de um produto no carrinho de compras</doc>
<tag>adicionar_carrinho</tag>
<status status="FAIL" starttime="20220715 02:54:10.699" endtime="20220715 02:54:41.679">WebDriverException: Message: unknown error: cannot determine loading status
from unknown error: unexpected command response
  (Session info: chrome=103.0.5060.114)
Stacktrace:
Backtrace:
	Ordinal0 [0x00546463+2188387]
	Ordinal0 [0x004DE461+1762401]
	Ordinal0 [0x003F3D78+802168]
	Ordinal0 [0x003E7210+750096]
	Ordinal0 [0x003E675A+747354]
	Ordinal0 [0x003E5D3F+744767]
	Ordinal0 [0x003E4C28+740392]
	Ordinal0 [0x003E5228+741928]
	Ordinal0 [0x003EF153+782675]
	Ordinal0 [0x003F9FBB+827323]
	Ordinal0 [0x003FD310+840464]
	Ordinal0 [0x003E54F6+742646]
	Ordinal0 [0x003F9BF3+826355]
	Ordinal0 [0x0044CF6D+1167213]
	Ordinal0 [0x0043C5F6+1099254]
	Ordinal0 [0x00416BE0+945120]
	Ordinal0 [0x00417AD6+948950]
	GetHandleVerifier [0x007E71F2+2712546]
	GetHandleVerifier [0x007D886D+2652765]
	GetHandleVerifier [0x005D002A+520730]
	GetHandleVerifier [0x005CEE06+516086]
	Ordinal0 [0x004E468B+1787531]
	Ordinal0 [0x004E8E88+1805960]
	Ordinal0 [0x004E8F75+1806197]
	Ordinal0 [0x004F1DF1+1842673]
	BaseThreadInitThunk [0x75CBFA29+25]
	RtlGetAppContainerNamedObjectPath [0x77587A9E+286]
	RtlGetAppContainerNamedObjectPath [0x77587A6E+238]
</status>
</test>
<doc>Essa suíte testa o site da Amazon.com.br</doc>
<status status="FAIL" starttime="20220715 02:54:10.466" endtime="20220715 02:54:41.688"/>
</suite>
<statistics>
<total>
<stat pass="0" fail="1" skip="0">All Tests</stat>
</total>
<tag>
<stat pass="0" fail="1" skip="0">adicionar_carrinho</stat>
</tag>
<suite>
<stat pass="0" fail="1" skip="0" id="s1" name="Amazon Testes">Amazon Testes</stat>
</suite>
</statistics>
<errors>
</errors>
</robot>
